Using pre-set license
Built from '2021.3/china_unity/release' branch; Version is '2021.3.9f1c1 (0fa35b602de1) revision 1024859'; Using compiler version '192829333'; Build Type 'Release'
OS: 'Windows 10  (10.0.19044) 64bit Professional' Language: 'zh' Physical Memory: 32683 MB
BatchMode: 1, IsHumanControllingUs: 0, StartBugReporterOnCrash: 0, Is64bit: 1, IsPro: 1

COMMAND LINE ARGUMENTS:
D:\Program Files\UnityEditorsInstall\2021.3.9f1c1\Editor\Unity.exe
-adb2
-batchMode
-noUpm
-name
AssetImportWorker0
-projectPath
D:/UnityProject/Laboratory/AIPlaneTest
-logFile
Logs/AssetImportWorker0.log
-srvPort
52844
Successfully changed project path to: D:/UnityProject/Laboratory/AIPlaneTest
D:/UnityProject/Laboratory/AIPlaneTest
[UnityMemory] Configuration Parameters - Can be set up in boot.config
    "memorysetup-bucket-allocator-granularity=16"
    "memorysetup-bucket-allocator-bucket-count=8"
    "memorysetup-bucket-allocator-block-size=33554432"
    "memorysetup-bucket-allocator-block-count=8"
    "memorysetup-main-allocator-block-size=16777216"
    "memorysetup-thread-allocator-block-size=16777216"
    "memorysetup-gfx-main-allocator-block-size=16777216"
    "memorysetup-gfx-thread-allocator-block-size=16777216"
    "memorysetup-cache-allocator-block-size=4194304"
    "memorysetup-typetree-allocator-block-size=2097152"
    "memorysetup-profiler-bucket-allocator-granularity=16"
    "memorysetup-profiler-bucket-allocator-bucket-count=8"
    "memorysetup-profiler-bucket-allocator-block-size=33554432"
    "memorysetup-profiler-bucket-allocator-block-count=8"
    "memorysetup-profiler-allocator-block-size=16777216"
    "memorysetup-profiler-editor-allocator-block-size=1048576"
    "memorysetup-temp-allocator-size-main=16777216"
    "memorysetup-job-temp-allocator-block-size=2097152"
    "memorysetup-job-temp-allocator-block-size-background=1048576"
    "memorysetup-job-temp-allocator-reduction-small-platforms=262144"
    "memorysetup-temp-allocator-size-background-worker=32768"
    "memorysetup-temp-allocator-size-job-worker=262144"
    "memorysetup-temp-allocator-size-preload-manager=33554432"
    "memorysetup-temp-allocator-size-nav-mesh-worker=65536"
    "memorysetup-temp-allocator-size-audio-worker=65536"
    "memorysetup-temp-allocator-size-cloud-worker=32768"
    "memorysetup-temp-allocator-size-gi-baking-worker=262144"
    "memorysetup-temp-allocator-size-gfx=262144"
AS: AutoStreaming module initializing.
Refreshing native plugins compatible for Editor in 60.27 ms, found 1 plugins.
Preloading 0 native plugins for Editor in 0.00 ms.
Initialize engine version: 2021.3.9f1c1 (0fa35b602de1)
[Subsystems] Discovering subsystems at path D:/Program Files/UnityEditorsInstall/2021.3.9f1c1/Editor/Data/Resources/UnitySubsystems
[Subsystems] Discovering subsystems at path D:/UnityProject/Laboratory/AIPlaneTest/Assets
GfxDevice: creating device client; threaded=0; jobified=0
Direct3D:
    Version:  Direct3D 11.0 [level 11.1]
    Renderer: NVIDIA GeForce GTX 1080 (ID=0x1b80)
    Vendor:   NVIDIA
    VRAM:     8079 MB
    Driver:   31.0.15.1694
Initialize mono
Mono path[0] = 'D:/Program Files/UnityEditorsInstall/2021.3.9f1c1/Editor/Data/Managed'
Mono path[1] = 'D:/Program Files/UnityEditorsInstall/2021.3.9f1c1/Editor/Data/MonoBleedingEdge/lib/mono/unityjit-win32'
Mono config path = 'D:/Program Files/UnityEditorsInstall/2021.3.9f1c1/Editor/Data/MonoBleedingEdge/etc'
Using monoOptions --debugger-agent=transport=dt_socket,embedding=1,server=y,suspend=n,address=127.0.0.1:56644
Begin MonoManager ReloadAssembly
Registering precompiled unity dll's ...
Register platform support module: D:/Program Files/UnityEditorsInstall/2021.3.9f1c1/Editor/Data/PlaybackEngines/WebGLSupport/UnityEditor.WebGL.Extensions.dll
Register platform support module: D:/Program Files/UnityEditorsInstall/2021.3.9f1c1/Editor/Data/PlaybackEngines/AndroidPlayer/UnityEditor.Android.Extensions.dll
Register platform support module: D:/Program Files/UnityEditorsInstall/2021.3.9f1c1/Editor/Data/PlaybackEngines/WindowsStandaloneSupport/UnityEditor.WindowsStandalone.Extensions.dll
Register platform support module: D:/Program Files/UnityEditorsInstall/2021.3.9f1c1/Editor/Data/PlaybackEngines/LinuxStandaloneSupport/UnityEditor.LinuxStandalone.Extensions.dll
Registered in 0.005264 seconds.
Native extension for LinuxStandalone target not found
Native extension for WindowsStandalone target not found
Native extension for Android target not found
Native extension for WebGL target not found
Refreshing native plugins compatible for Editor in 60.26 ms, found 1 plugins.
Preloading 0 native plugins for Editor in 0.00 ms.
Mono: successfully reloaded assembly
- Completed reload, in  0.561 seconds
Domain Reload Profiling:
	ReloadAssembly (561ms)
		BeginReloadAssembly (70ms)
			ExecutionOrderSort (0ms)
			DisableScriptedObjects (0ms)
			BackupInstance (0ms)
			ReleaseScriptingObjects (0ms)
			CreateAndSetChildDomain (1ms)
		EndReloadAssembly (400ms)
			LoadAssemblies (68ms)
			RebuildTransferFunctionScriptingTraits (0ms)
			SetupTypeCache (91ms)
			ReleaseScriptCaches (0ms)
			RebuildScriptCaches (25ms)
			SetupLoadedEditorAssemblies (236ms)
				LogAssemblyErrors (0ms)
				InitializePlatformSupportModulesInManaged (48ms)
				SetLoadedEditorAssemblies (0ms)
				RefreshPlugins (60ms)
				BeforeProcessingInitializeOnLoad (1ms)
				ProcessInitializeOnLoadAttributes (86ms)
				ProcessInitializeOnLoadMethodAttributes (40ms)
				AfterProcessingInitializeOnLoad (0ms)
				EditorAssembliesLoaded (0ms)
			ExecutionOrderSort2 (0ms)
			AwakeInstancesAfterBackupRestoration (0ms)
Platform modules already initialized, skipping
Registering precompiled user dll's ...
Registered in 0.004241 seconds.
Begin MonoManager ReloadAssembly
Symbol file LoadedFromMemory doesn't match image D:\UnityProject\Laboratory\AIPlaneTest\Library\PackageCache\com.unity.visualscripting@1.7.8\Editor\VisualScripting.Core\Dependencies\YamlDotNet\Unity.VisualScripting.YamlDotNet.dll
Symbol file LoadedFromMemory doesn't match image D:\UnityProject\Laboratory\AIPlaneTest\Library\PackageCache\com.unity.visualscripting@1.7.8\Editor\VisualScripting.Core\Dependencies\DotNetZip\Unity.VisualScripting.IonicZip.dll
Native extension for LinuxStandalone target not found
Native extension for WindowsStandalone target not found
Native extension for Android target not found
Native extension for WebGL target not found
Refreshing native plugins compatible for Editor in 0.30 ms, found 1 plugins.
Preloading 0 native plugins for Editor in 0.00 ms.
Mono: successfully reloaded assembly
- Completed reload, in  0.771 seconds
Domain Reload Profiling:
	ReloadAssembly (771ms)
		BeginReloadAssembly (206ms)
			ExecutionOrderSort (0ms)
			DisableScriptedObjects (5ms)
			BackupInstance (0ms)
			ReleaseScriptingObjects (0ms)
			CreateAndSetChildDomain (124ms)
		EndReloadAssembly (465ms)
			LoadAssemblies (62ms)
			RebuildTransferFunctionScriptingTraits (0ms)
			SetupTypeCache (135ms)
			ReleaseScriptCaches (0ms)
			RebuildScriptCaches (40ms)
			SetupLoadedEditorAssemblies (196ms)
				LogAssemblyErrors (0ms)
				InitializePlatformSupportModulesInManaged (15ms)
				SetLoadedEditorAssemblies (0ms)
				RefreshPlugins (0ms)
				BeforeProcessingInitializeOnLoad (56ms)
				ProcessInitializeOnLoadAttributes (101ms)
				ProcessInitializeOnLoadMethodAttributes (16ms)
				AfterProcessingInitializeOnLoad (7ms)
				EditorAssembliesLoaded (0ms)
			ExecutionOrderSort2 (0ms)
			AwakeInstancesAfterBackupRestoration (5ms)
Platform modules already initialized, skipping
========================================================================
Worker process is ready to serve import requests
Launched and connected shader compiler UnityShaderCompiler.exe after 0.04 seconds
Refreshing native plugins compatible for Editor in 0.42 ms, found 1 plugins.
Preloading 0 native plugins for Editor in 0.00 ms.
Unloading 2113 Unused Serialized files (Serialized files now loaded: 0)
Unloading 13 unused Assets / (55.7 KB). Loaded Objects now: 2588.
Memory consumption went from 78.1 MB to 78.0 MB.
Total: 2.527200 ms (FindLiveObjects: 0.170500 ms CreateObjectMapping: 0.080900 ms MarkObjects: 2.201500 ms  DeleteObjects: 0.073300 ms)

AssetImportParameters requested are different than current active one (requested -> active):
  custom:video-decoder-ogg-theora: a1e56fd34408186e4bbccfd4996cb3dc -> 
  custom:container-muxer-webm: aa71ff27fc2769a1b78a27578f13a17b -> 
  custom:container-demuxer-webm: 4f35f7cbe854078d1ac9338744f61a02 -> 
  custom:video-encoder-webm-vp8: eb34c28f22e8b96e1ab97ce403110664 -> 
  custom:audio-encoder-webm-vorbis: bf7c407c2cedff20999df2af8eb42d56 -> 
  custom:framework-win-MediaFoundation: 216162199b28c13a410421893ffa2e32 -> 
  custom:container-demuxer-ogg: 62fdf1f143b41e24485cea50d1cbac27 -> 
  custom:video-decoder-webm-vp8: 9c59270c3fd7afecdb556c50c9e8de78 -> 
  custom:audio-decoder-ogg-vorbis: bf7c407c2cedff20999df2af8eb42d56 -> 
========================================================================
Received Import Request.
  Time since last request: 267.784152 seconds.
  path: Assets/Scripts/EnemyController.cs
  artifactKey: Guid(2b548c0933699214dba952e1022c639d) Importer(815301076,1909f56bfc062723c751e8b465ee728b)
Start importing Assets/Scripts/EnemyController.cs using Guid(2b548c0933699214dba952e1022c639d) Importer(815301076,1909f56bfc062723c751e8b465ee728b)  -> (artifact id: '3ad391e97557c92e2c22b22206fc96f0') in 0.064530 seconds 
========================================================================
Received Import Request.
  Time since last request: 0.000026 seconds.
  path: Assets/Scripts/EnemySpawner.cs
  artifactKey: Guid(1efd8f16d5fd5544c9e396945c360229) Importer(815301076,1909f56bfc062723c751e8b465ee728b)
Start importing Assets/Scripts/EnemySpawner.cs using Guid(1efd8f16d5fd5544c9e396945c360229) Importer(815301076,1909f56bfc062723c751e8b465ee728b)  -> (artifact id: '1d229645ba6f0025097b387f834fb530') in 0.007721 seconds 
========================================================================
Received Import Request.
  Time since last request: 0.000028 seconds.
  path: Assets/Scripts/BulletController.cs
  artifactKey: Guid(62107e0e04c2bfc40abdbc72695d5631) Importer(815301076,1909f56bfc062723c751e8b465ee728b)
Start importing Assets/Scripts/BulletController.cs using Guid(62107e0e04c2bfc40abdbc72695d5631) Importer(815301076,1909f56bfc062723c751e8b465ee728b)  -> (artifact id: 'd3a2bf4c6f1e1ceba7ea66f0d5d9bc26') in 0.007646 seconds 
========================================================================
Received Import Request.
  Time since last request: 2211.787969 seconds.
  path: Assets/Prefabs/Canvas.prefab
  artifactKey: Guid(bdd99077ebef15347af11fcf31992d57) Importer(815301076,1909f56bfc062723c751e8b465ee728b)
Start importing Assets/Prefabs/Canvas.prefab using Guid(bdd99077ebef15347af11fcf31992d57) Importer(815301076,1909f56bfc062723c751e8b465ee728b)  -> (artifact id: 'c3153890dc473ea588d555d97446e87d') in 0.048108 seconds 
========================================================================
Received Import Request.
  Time since last request: 0.498020 seconds.
  path: Assets/Prefabs/bullet.prefab
  artifactKey: Guid(9d93a3a9c305c934783de29431e92e8e) Importer(815301076,1909f56bfc062723c751e8b465ee728b)
Start importing Assets/Prefabs/bullet.prefab using Guid(9d93a3a9c305c934783de29431e92e8e) Importer(815301076,1909f56bfc062723c751e8b465ee728b)  -> (artifact id: '640d505e1afd51fb212ca60b80188abb') in 0.068700 seconds 
========================================================================
Received Import Request.
  Time since last request: 34.013569 seconds.
  path: Assets/Textures_1
  artifactKey: Guid(4d993269b2458ae409606f5c8dc49866) Importer(815301076,1909f56bfc062723c751e8b465ee728b)
Start importing Assets/Textures_1 using Guid(4d993269b2458ae409606f5c8dc49866) Importer(815301076,1909f56bfc062723c751e8b465ee728b)  -> (artifact id: '778ce3beceb9294b5112b854d1e1961a') in 0.005398 seconds 
========================================================================
Received Import Request.
  Time since last request: 11.290227 seconds.
  path: Assets/Textures
  artifactKey: Guid(f19ef8261b800a743847275042c7c191) Importer(815301076,1909f56bfc062723c751e8b465ee728b)
Start importing Assets/Textures using Guid(f19ef8261b800a743847275042c7c191) Importer(815301076,1909f56bfc062723c751e8b465ee728b)  -> (artifact id: '6b3ac7c40c37da7f8c26745df559468e') in 0.012309 seconds 
========================================================================
Received Import Request.
  Time since last request: 27.592533 seconds.
  path: Assets/Textures/1.png
  artifactKey: Guid(97b946bc26e429c4eaeb89497b43809f) Importer(815301076,1909f56bfc062723c751e8b465ee728b)
Start importing Assets/Textures/1.png using Guid(97b946bc26e429c4eaeb89497b43809f) Importer(815301076,1909f56bfc062723c751e8b465ee728b)  -> (artifact id: '21ca7542d79d15c4ad192e6ae22ec198') in 0.035666 seconds 
========================================================================
Received Import Request.
  Time since last request: 0.896377 seconds.
  path: Assets/Textures/beijing.png
  artifactKey: Guid(b28521f072e386946945993cb2b42e7c) Importer(815301076,1909f56bfc062723c751e8b465ee728b)
Start importing Assets/Textures/beijing.png using Guid(b28521f072e386946945993cb2b42e7c) Importer(815301076,1909f56bfc062723c751e8b465ee728b)  -> (artifact id: '5df63e9f7652c1cc8e0ab8830c777867') in 0.024535 seconds 
========================================================================
Received Import Request.
  Time since last request: 4.831964 seconds.
  path: Assets/Textures/beijing.png
  artifactKey: Guid(b28521f072e386946945993cb2b42e7c) Importer(815301076,1909f56bfc062723c751e8b465ee728b)
Start importing Assets/Textures/beijing.png using Guid(b28521f072e386946945993cb2b42e7c) Importer(815301076,1909f56bfc062723c751e8b465ee728b)  -> (artifact id: 'bbc5a225e060c4b6838b4842b92ee4b2') in 0.031553 seconds 
========================================================================
Received Import Request.
  Time since last request: 1.278869 seconds.
  path: Assets/Textures/1.png
  artifactKey: Guid(97b946bc26e429c4eaeb89497b43809f) Importer(815301076,1909f56bfc062723c751e8b465ee728b)
Start importing Assets/Textures/1.png using Guid(97b946bc26e429c4eaeb89497b43809f) Importer(815301076,1909f56bfc062723c751e8b465ee728b)  -> (artifact id: '6f8d76339fab7401c337c47c285ca306') in 0.012529 seconds 
========================================================================
Received Import Request.
  Time since last request: 1.720174 seconds.
  path: Assets/Textures/2.png
  artifactKey: Guid(3e6a874332e8c4f4db5536c5b1647c8b) Importer(815301076,1909f56bfc062723c751e8b465ee728b)
Start importing Assets/Textures/2.png using Guid(3e6a874332e8c4f4db5536c5b1647c8b) Importer(815301076,1909f56bfc062723c751e8b465ee728b)  -> (artifact id: '1ffa671de1125a4a5357f48e9983a70f') in 0.191189 seconds 
========================================================================
Received Import Request.
  Time since last request: 3.671184 seconds.
  path: Assets/Textures/7.png
  artifactKey: Guid(a3e2e59d523e29d45b5987acef792409) Importer(815301076,1909f56bfc062723c751e8b465ee728b)
Start importing Assets/Textures/7.png using Guid(a3e2e59d523e29d45b5987acef792409) Importer(815301076,1909f56bfc062723c751e8b465ee728b)  -> (artifact id: '1ecec4ed6f34afd1a9e541703613fce5') in 0.010045 seconds 
========================================================================
Received Import Request.
  Time since last request: 4.956147 seconds.
  path: Assets/Textures/7.png
  artifactKey: Guid(a3e2e59d523e29d45b5987acef792409) Importer(815301076,1909f56bfc062723c751e8b465ee728b)
Start importing Assets/Textures/7.png using Guid(a3e2e59d523e29d45b5987acef792409) Importer(815301076,1909f56bfc062723c751e8b465ee728b)  -> (artifact id: '7a419bedfca504a2a05162c17b852947') in 0.010036 seconds 
========================================================================
Received Import Request.
  Time since last request: 3.489020 seconds.
  path: Assets/Textures/beijing.png
  artifactKey: Guid(b28521f072e386946945993cb2b42e7c) Importer(815301076,1909f56bfc062723c751e8b465ee728b)
Start importing Assets/Textures/beijing.png using Guid(b28521f072e386946945993cb2b42e7c) Importer(815301076,1909f56bfc062723c751e8b465ee728b)  -> (artifact id: '2a0365b7fd2b3801195528a7ae8ae23f') in 0.010639 seconds 
========================================================================
Received Import Request.
  Time since last request: 0.939647 seconds.
  path: Assets/Textures/2.png
  artifactKey: Guid(3e6a874332e8c4f4db5536c5b1647c8b) Importer(815301076,1909f56bfc062723c751e8b465ee728b)
Start importing Assets/Textures/2.png using Guid(3e6a874332e8c4f4db5536c5b1647c8b) Importer(815301076,1909f56bfc062723c751e8b465ee728b)  -> (artifact id: '37b56d49492e8d7df5861e7567547d43') in 0.009168 seconds 
========================================================================
Received Import Request.
  Time since last request: 0.387256 seconds.
  path: Assets/Textures/1.png
  artifactKey: Guid(97b946bc26e429c4eaeb89497b43809f) Importer(815301076,1909f56bfc062723c751e8b465ee728b)
Start importing Assets/Textures/1.png using Guid(97b946bc26e429c4eaeb89497b43809f) Importer(815301076,1909f56bfc062723c751e8b465ee728b)  -> (artifact id: '3845bd1fb6244d4ae7f14f54c2f063f2') in 0.009109 seconds 
========================================================================
Received Import Request.
  Time since last request: 13.191412 seconds.
  path: Assets/Scenes/PlaneWars.unity
  artifactKey: Guid(ffd68e85ecad27e45a7907295cc97d02) Importer(815301076,1909f56bfc062723c751e8b465ee728b)
Start importing Assets/Scenes/PlaneWars.unity using Guid(ffd68e85ecad27e45a7907295cc97d02) Importer(815301076,1909f56bfc062723c751e8b465ee728b)  -> (artifact id: '3682ec94129108fc9c9612bd1c37fe60') in 0.009808 seconds 
========================================================================
Received Import Request.
  Time since last request: 31.309207 seconds.
  path: Assets/Textures/1.png
  artifactKey: Guid(97b946bc26e429c4eaeb89497b43809f) Importer(815301076,1909f56bfc062723c751e8b465ee728b)
Start importing Assets/Textures/1.png using Guid(97b946bc26e429c4eaeb89497b43809f) Importer(815301076,1909f56bfc062723c751e8b465ee728b)  -> (artifact id: '702614f2da57617d1aa7f7d933b75b2b') in 0.025907 seconds 
========================================================================
Received Import Request.
  Time since last request: 182.252399 seconds.
  path: Assets/Textures/7.png
  artifactKey: Guid(a3e2e59d523e29d45b5987acef792409) Importer(815301076,1909f56bfc062723c751e8b465ee728b)
Start importing Assets/Textures/7.png using Guid(a3e2e59d523e29d45b5987acef792409) Importer(815301076,1909f56bfc062723c751e8b465ee728b)  -> (artifact id: '57398519819d0595eb8ef344920855ad') in 0.009442 seconds 
========================================================================
Received Import Request.
  Time since last request: 0.787812 seconds.
  path: Assets/Textures/1.png
  artifactKey: Guid(97b946bc26e429c4eaeb89497b43809f) Importer(815301076,1909f56bfc062723c751e8b465ee728b)
Start importing Assets/Textures/1.png using Guid(97b946bc26e429c4eaeb89497b43809f) Importer(815301076,1909f56bfc062723c751e8b465ee728b)  -> (artifact id: '468ec506b15079e4f05b1966599c219a') in 0.011028 seconds 
========================================================================
Received Import Request.
  Time since last request: 182.859060 seconds.
  path: Assets/Prefabs/Player 1.prefab
  artifactKey: Guid(3c06a4e13d4665846ade8ebb3934d710) Importer(815301076,1909f56bfc062723c751e8b465ee728b)
Start importing Assets/Prefabs/Player 1.prefab using Guid(3c06a4e13d4665846ade8ebb3934d710) Importer(815301076,1909f56bfc062723c751e8b465ee728b)  -> (artifact id: 'ae66f0911c4aa7f7e468e0d7982a9b71') in 0.011604 seconds 
========================================================================
Received Import Request.
  Time since last request: 12.493665 seconds.
  path: Assets/Prefabs/Player_simple.prefab
  artifactKey: Guid(b263d12c7211cac4399c68defa4e6868) Importer(815301076,1909f56bfc062723c751e8b465ee728b)
Start importing Assets/Prefabs/Player_simple.prefab using Guid(b263d12c7211cac4399c68defa4e6868) Importer(815301076,1909f56bfc062723c751e8b465ee728b)  -> (artifact id: 'e1731a6650304a5d459626f40b047535') in 0.009697 seconds 
========================================================================
Received Import Request.
  Time since last request: 6.002569 seconds.
  path: Assets/Prefabs/Player.prefab
  artifactKey: Guid(3c06a4e13d4665846ade8ebb3934d710) Importer(815301076,1909f56bfc062723c751e8b465ee728b)
Start importing Assets/Prefabs/Player.prefab using Guid(3c06a4e13d4665846ade8ebb3934d710) Importer(815301076,1909f56bfc062723c751e8b465ee728b)  -> (artifact id: 'a51d9ba10360833bc3792752317ea127') in 0.010507 seconds 
========================================================================
Received Import Request.
  Time since last request: 1.262454 seconds.
  path: Assets/Prefabs/Enemy.prefab
  artifactKey: Guid(88d0ae51bf3de444db919eb7b64d8e54) Importer(815301076,1909f56bfc062723c751e8b465ee728b)
Start importing Assets/Prefabs/Enemy.prefab using Guid(88d0ae51bf3de444db919eb7b64d8e54) Importer(815301076,1909f56bfc062723c751e8b465ee728b)  -> (artifact id: '900b458616827dea37ceb966f4a7154f') in 0.044788 seconds 
========================================================================
Received Import Request.
  Time since last request: 109.663430 seconds.
  path: Assets/Prefabs/Player.prefab
  artifactKey: Guid(6ba9ec9af1b19714999aa735cede2f32) Importer(815301076,1909f56bfc062723c751e8b465ee728b)
Start importing Assets/Prefabs/Player.prefab using Guid(6ba9ec9af1b19714999aa735cede2f32) Importer(815301076,1909f56bfc062723c751e8b465ee728b)  -> (artifact id: 'f70a3105d357591c3fde776a339c3446') in 0.010423 seconds 
========================================================================
Received Import Request.
  Time since last request: 3.751098 seconds.
  path: Assets/Prefabs/Player_simple.prefab
  artifactKey: Guid(6ba9ec9af1b19714999aa735cede2f32) Importer(815301076,1909f56bfc062723c751e8b465ee728b)
Start importing Assets/Prefabs/Player_simple.prefab using Guid(6ba9ec9af1b19714999aa735cede2f32) Importer(815301076,1909f56bfc062723c751e8b465ee728b)  -> (artifact id: '07d863ef91d77b5005c39e0eda943af1') in 0.009836 seconds 
========================================================================
Received Import Request.
  Time since last request: 60.967768 seconds.
  path: Assets/Prefabs/Player.prefab
  artifactKey: Guid(d23a1069adda9a04f93a0c258beee4b1) Importer(815301076,1909f56bfc062723c751e8b465ee728b)
Start importing Assets/Prefabs/Player.prefab using Guid(d23a1069adda9a04f93a0c258beee4b1) Importer(815301076,1909f56bfc062723c751e8b465ee728b)  -> (artifact id: '615ae1bbceb5cfd9efde035459f7d99b') in 0.009635 seconds 
========================================================================
Received Prepare
Registering precompiled user dll's ...
Registered in 0.004487 seconds.
Begin MonoManager ReloadAssembly
Symbol file LoadedFromMemory doesn't match image D:\UnityProject\Laboratory\AIPlaneTest\Library\PackageCache\com.unity.visualscripting@1.7.8\Editor\VisualScripting.Core\Dependencies\YamlDotNet\Unity.VisualScripting.YamlDotNet.dll
Symbol file LoadedFromMemory doesn't match image D:\UnityProject\Laboratory\AIPlaneTest\Library\PackageCache\com.unity.visualscripting@1.7.8\Editor\VisualScripting.Core\Dependencies\DotNetZip\Unity.VisualScripting.IonicZip.dll
Native extension for LinuxStandalone target not found
Native extension for WindowsStandalone target not found
Native extension for Android target not found
Native extension for WebGL target not found
Refreshing native plugins compatible for Editor in 0.25 ms, found 1 plugins.
Preloading 0 native plugins for Editor in 0.00 ms.
Mono: successfully reloaded assembly
- Completed reload, in  0.869 seconds
Domain Reload Profiling:
	ReloadAssembly (870ms)
		BeginReloadAssembly (105ms)
			ExecutionOrderSort (0ms)
			DisableScriptedObjects (4ms)
			BackupInstance (0ms)
			ReleaseScriptingObjects (0ms)
			CreateAndSetChildDomain (21ms)
		EndReloadAssembly (582ms)
			LoadAssemblies (65ms)
			RebuildTransferFunctionScriptingTraits (0ms)
			SetupTypeCache (258ms)
			ReleaseScriptCaches (1ms)
			RebuildScriptCaches (35ms)
			SetupLoadedEditorAssemblies (195ms)
				LogAssemblyErrors (0ms)
				InitializePlatformSupportModulesInManaged (25ms)
				SetLoadedEditorAssemblies (0ms)
				RefreshPlugins (0ms)
				BeforeProcessingInitializeOnLoad (58ms)
				ProcessInitializeOnLoadAttributes (88ms)
				ProcessInitializeOnLoadMethodAttributes (16ms)
				AfterProcessingInitializeOnLoad (7ms)
				EditorAssembliesLoaded (0ms)
			ExecutionOrderSort2 (0ms)
			AwakeInstancesAfterBackupRestoration (5ms)
Platform modules already initialized, skipping
Refreshing native plugins compatible for Editor in 0.95 ms, found 1 plugins.
Preloading 0 native plugins for Editor in 0.00 ms.
Unloading 2107 Unused Serialized files (Serialized files now loaded: 0)
Unloading 11 unused Assets / (29.4 KB). Loaded Objects now: 2609.
Memory consumption went from 81.8 MB to 81.8 MB.
Total: 2.253500 ms (FindLiveObjects: 0.165500 ms CreateObjectMapping: 0.074500 ms MarkObjects: 1.949300 ms  DeleteObjects: 0.063500 ms)

AssetImportParameters requested are different than current active one (requested -> active):
  custom:video-decoder-ogg-theora: a1e56fd34408186e4bbccfd4996cb3dc -> 
  custom:container-muxer-webm: aa71ff27fc2769a1b78a27578f13a17b -> 
  custom:container-demuxer-webm: 4f35f7cbe854078d1ac9338744f61a02 -> 
  custom:video-encoder-webm-vp8: eb34c28f22e8b96e1ab97ce403110664 -> 
  custom:audio-encoder-webm-vorbis: bf7c407c2cedff20999df2af8eb42d56 -> 
  custom:framework-win-MediaFoundation: 216162199b28c13a410421893ffa2e32 -> 
  custom:container-demuxer-ogg: 62fdf1f143b41e24485cea50d1cbac27 -> 
  custom:video-decoder-webm-vp8: 9c59270c3fd7afecdb556c50c9e8de78 -> 
  custom:audio-decoder-ogg-vorbis: bf7c407c2cedff20999df2af8eb42d56 -> 
========================================================================
Received Import Request.
  Time since last request: 56.527937 seconds.
  path: Assets/Prefabs/bullet 1.prefab
  artifactKey: Guid(edc1449df39832b4b9cc13841752db60) Importer(815301076,1909f56bfc062723c751e8b465ee728b)
Start importing Assets/Prefabs/bullet 1.prefab using Guid(edc1449df39832b4b9cc13841752db60) Importer(815301076,1909f56bfc062723c751e8b465ee728b)  -> (artifact id: 'b5e1e7189fa2b4e87f56747729e7467b') in 0.058996 seconds 
========================================================================
Received Import Request.
  Time since last request: 4.464106 seconds.
  path: Assets/Prefabs/bullets.prefab
  artifactKey: Guid(edc1449df39832b4b9cc13841752db60) Importer(815301076,1909f56bfc062723c751e8b465ee728b)
Start importing Assets/Prefabs/bullets.prefab using Guid(edc1449df39832b4b9cc13841752db60) Importer(815301076,1909f56bfc062723c751e8b465ee728b)  -> (artifact id: '8a6b9d32240a3d9abbdddc8c9ff9ab31') in 0.009683 seconds 
========================================================================
Received Import Request.
  Time since last request: 3.890239 seconds.
  path: Assets/Prefabs/bullet_simple.prefab
  artifactKey: Guid(9d93a3a9c305c934783de29431e92e8e) Importer(815301076,1909f56bfc062723c751e8b465ee728b)
Start importing Assets/Prefabs/bullet_simple.prefab using Guid(9d93a3a9c305c934783de29431e92e8e) Importer(815301076,1909f56bfc062723c751e8b465ee728b)  -> (artifact id: 'fa3b543a2362fab42ef18c8a2fbd83bc') in 0.009913 seconds 
========================================================================
Received Import Request.
  Time since last request: 2.605046 seconds.
  path: Assets/Prefabs/Enemy.prefab
  artifactKey: Guid(88d0ae51bf3de444db919eb7b64d8e54) Importer(815301076,1909f56bfc062723c751e8b465ee728b)
Start importing Assets/Prefabs/Enemy.prefab using Guid(88d0ae51bf3de444db919eb7b64d8e54) Importer(815301076,1909f56bfc062723c751e8b465ee728b)  -> (artifact id: 'e4f5a28ba010e6cd2c2fc95d1d4fe4bc') in 0.010229 seconds 
========================================================================
Received Import Request.
  Time since last request: 3.937437 seconds.
  path: Assets/Prefabs/Enemy_simple.prefab
  artifactKey: Guid(88d0ae51bf3de444db919eb7b64d8e54) Importer(815301076,1909f56bfc062723c751e8b465ee728b)
Start importing Assets/Prefabs/Enemy_simple.prefab using Guid(88d0ae51bf3de444db919eb7b64d8e54) Importer(815301076,1909f56bfc062723c751e8b465ee728b)  -> (artifact id: '199d0476fb10846e074b547022272d6a') in 0.010663 seconds 
========================================================================
Received Import Request.
  Time since last request: 2.845041 seconds.
  path: Assets/Prefabs/bullet.prefab
  artifactKey: Guid(edc1449df39832b4b9cc13841752db60) Importer(815301076,1909f56bfc062723c751e8b465ee728b)
Start importing Assets/Prefabs/bullet.prefab using Guid(edc1449df39832b4b9cc13841752db60) Importer(815301076,1909f56bfc062723c751e8b465ee728b)  -> (artifact id: '6d68c9a522384c7161c78882898e7180') in 0.009442 seconds 
========================================================================
Received Import Request.
  Time since last request: 11.426775 seconds.
  path: Assets/Textures/4.png
  artifactKey: Guid(d563030a1bd8be141b94ebb014cdd984) Importer(815301076,1909f56bfc062723c751e8b465ee728b)
Start importing Assets/Textures/4.png using Guid(d563030a1bd8be141b94ebb014cdd984) Importer(815301076,1909f56bfc062723c751e8b465ee728b)  -> (artifact id: '1b72d630514f2c98802566a6b6b66f97') in 0.029221 seconds 
========================================================================
Received Import Request.
  Time since last request: 4.567772 seconds.
  path: Assets/Prefabs/bullet.prefab
  artifactKey: Guid(edc1449df39832b4b9cc13841752db60) Importer(815301076,1909f56bfc062723c751e8b465ee728b)
Start importing Assets/Prefabs/bullet.prefab using Guid(edc1449df39832b4b9cc13841752db60) Importer(815301076,1909f56bfc062723c751e8b465ee728b)  -> (artifact id: '55c3a70611dfd9f8ab2cdc6e31933a20') in 0.009341 seconds 
========================================================================
Received Prepare
Registering precompiled user dll's ...
Registered in 0.005034 seconds.
Begin MonoManager ReloadAssembly
Symbol file LoadedFromMemory doesn't match image D:\UnityProject\Laboratory\AIPlaneTest\Library\PackageCache\com.unity.visualscripting@1.7.8\Editor\VisualScripting.Core\Dependencies\YamlDotNet\Unity.VisualScripting.YamlDotNet.dll
Symbol file LoadedFromMemory doesn't match image D:\UnityProject\Laboratory\AIPlaneTest\Library\PackageCache\com.unity.visualscripting@1.7.8\Editor\VisualScripting.Core\Dependencies\DotNetZip\Unity.VisualScripting.IonicZip.dll
Native extension for LinuxStandalone target not found
Native extension for WindowsStandalone target not found
Native extension for Android target not found
Native extension for WebGL target not found
Refreshing native plugins compatible for Editor in 0.27 ms, found 1 plugins.
Preloading 0 native plugins for Editor in 0.00 ms.
Mono: successfully reloaded assembly
- Completed reload, in  0.649 seconds
Domain Reload Profiling:
	ReloadAssembly (650ms)
		BeginReloadAssembly (106ms)
			ExecutionOrderSort (0ms)
			DisableScriptedObjects (4ms)
			BackupInstance (0ms)
			ReleaseScriptingObjects (0ms)
			CreateAndSetChildDomain (23ms)
		EndReloadAssembly (459ms)
			LoadAssemblies (65ms)
			RebuildTransferFunctionScriptingTraits (0ms)
			SetupTypeCache (134ms)
			ReleaseScriptCaches (1ms)
			RebuildScriptCaches (35ms)
			SetupLoadedEditorAssemblies (193ms)
				LogAssemblyErrors (0ms)
				InitializePlatformSupportModulesInManaged (20ms)
				SetLoadedEditorAssemblies (0ms)
				RefreshPlugins (0ms)
				BeforeProcessingInitializeOnLoad (55ms)
				ProcessInitializeOnLoadAttributes (90ms)
				ProcessInitializeOnLoadMethodAttributes (20ms)
				AfterProcessingInitializeOnLoad (8ms)
				EditorAssembliesLoaded (0ms)
			ExecutionOrderSort2 (0ms)
			AwakeInstancesAfterBackupRestoration (7ms)
Platform modules already initialized, skipping
Refreshing native plugins compatible for Editor in 0.97 ms, found 1 plugins.
Preloading 0 native plugins for Editor in 0.00 ms.
Unloading 2107 Unused Serialized files (Serialized files now loaded: 0)
Unloading 11 unused Assets / (29.4 KB). Loaded Objects now: 2612.
Memory consumption went from 81.8 MB to 81.8 MB.
Total: 1.912000 ms (FindLiveObjects: 0.141700 ms CreateObjectMapping: 0.057500 ms MarkObjects: 1.648100 ms  DeleteObjects: 0.063800 ms)

AssetImportParameters requested are different than current active one (requested -> active):
  custom:video-decoder-ogg-theora: a1e56fd34408186e4bbccfd4996cb3dc -> 
  custom:container-muxer-webm: aa71ff27fc2769a1b78a27578f13a17b -> 
  custom:container-demuxer-webm: 4f35f7cbe854078d1ac9338744f61a02 -> 
  custom:video-encoder-webm-vp8: eb34c28f22e8b96e1ab97ce403110664 -> 
  custom:audio-encoder-webm-vorbis: bf7c407c2cedff20999df2af8eb42d56 -> 
  custom:framework-win-MediaFoundation: 216162199b28c13a410421893ffa2e32 -> 
  custom:container-demuxer-ogg: 62fdf1f143b41e24485cea50d1cbac27 -> 
  custom:video-decoder-webm-vp8: 9c59270c3fd7afecdb556c50c9e8de78 -> 
  custom:audio-decoder-ogg-vorbis: bf7c407c2cedff20999df2af8eb42d56 -> 
========================================================================
Received Import Request.
  Time since last request: 70.213073 seconds.
  path: Assets/Prefabs/Player.prefab
  artifactKey: Guid(d23a1069adda9a04f93a0c258beee4b1) Importer(815301076,1909f56bfc062723c751e8b465ee728b)
Start importing Assets/Prefabs/Player.prefab using Guid(d23a1069adda9a04f93a0c258beee4b1) Importer(815301076,1909f56bfc062723c751e8b465ee728b)  -> (artifact id: 'af5d6d2816e1e65514ed69f108a82b1c') in 0.053954 seconds 
========================================================================
Received Import Request.
  Time since last request: 36.322930 seconds.
  path: Assets/Prefabs/bullet.prefab
  artifactKey: Guid(edc1449df39832b4b9cc13841752db60) Importer(815301076,1909f56bfc062723c751e8b465ee728b)
Start importing Assets/Prefabs/bullet.prefab using Guid(edc1449df39832b4b9cc13841752db60) Importer(815301076,1909f56bfc062723c751e8b465ee728b)  -> (artifact id: 'c6aa6bc99c4f6c899e7b0d6e0d2e364b') in 0.011976 seconds 
========================================================================
Received Prepare
Registering precompiled user dll's ...
Registered in 0.004813 seconds.
Begin MonoManager ReloadAssembly
Symbol file LoadedFromMemory doesn't match image D:\UnityProject\Laboratory\AIPlaneTest\Library\PackageCache\com.unity.visualscripting@1.7.8\Editor\VisualScripting.Core\Dependencies\YamlDotNet\Unity.VisualScripting.YamlDotNet.dll
Symbol file LoadedFromMemory doesn't match image D:\UnityProject\Laboratory\AIPlaneTest\Library\PackageCache\com.unity.visualscripting@1.7.8\Editor\VisualScripting.Core\Dependencies\DotNetZip\Unity.VisualScripting.IonicZip.dll
Native extension for LinuxStandalone target not found
Native extension for WindowsStandalone target not found
Native extension for Android target not found
Native extension for WebGL target not found
Refreshing native plugins compatible for Editor in 0.27 ms, found 1 plugins.
Preloading 0 native plugins for Editor in 0.00 ms.
Mono: successfully reloaded assembly
- Completed reload, in  0.687 seconds
Domain Reload Profiling:
	ReloadAssembly (687ms)
		BeginReloadAssembly (104ms)
			ExecutionOrderSort (0ms)
			DisableScriptedObjects (4ms)
			BackupInstance (0ms)
			ReleaseScriptingObjects (0ms)
			CreateAndSetChildDomain (24ms)
		EndReloadAssembly (499ms)
			LoadAssemblies (64ms)
			RebuildTransferFunctionScriptingTraits (0ms)
			SetupTypeCache (132ms)
			ReleaseScriptCaches (1ms)
			RebuildScriptCaches (41ms)
			SetupLoadedEditorAssemblies (218ms)
				LogAssemblyErrors (0ms)
				InitializePlatformSupportModulesInManaged (25ms)
				SetLoadedEditorAssemblies (0ms)
				RefreshPlugins (0ms)
				BeforeProcessingInitializeOnLoad (64ms)
				ProcessInitializeOnLoadAttributes (101ms)
				ProcessInitializeOnLoadMethodAttributes (19ms)
				AfterProcessingInitializeOnLoad (7ms)
				EditorAssembliesLoaded (0ms)
			ExecutionOrderSort2 (0ms)
			AwakeInstancesAfterBackupRestoration (6ms)
Platform modules already initialized, skipping
Refreshing native plugins compatible for Editor in 0.73 ms, found 1 plugins.
Preloading 0 native plugins for Editor in 0.00 ms.
Unloading 2107 Unused Serialized files (Serialized files now loaded: 0)
Unloading 9 unused Assets / (25.5 KB). Loaded Objects now: 2615.
Memory consumption went from 81.8 MB to 81.8 MB.
Total: 1.992600 ms (FindLiveObjects: 0.167000 ms CreateObjectMapping: 0.067100 ms MarkObjects: 1.714500 ms  DeleteObjects: 0.042500 ms)

AssetImportParameters requested are different than current active one (requested -> active):
  custom:video-decoder-ogg-theora: a1e56fd34408186e4bbccfd4996cb3dc -> 
  custom:container-muxer-webm: aa71ff27fc2769a1b78a27578f13a17b -> 
  custom:container-demuxer-webm: 4f35f7cbe854078d1ac9338744f61a02 -> 
  custom:video-encoder-webm-vp8: eb34c28f22e8b96e1ab97ce403110664 -> 
  custom:audio-encoder-webm-vorbis: bf7c407c2cedff20999df2af8eb42d56 -> 
  custom:framework-win-MediaFoundation: 216162199b28c13a410421893ffa2e32 -> 
  custom:container-demuxer-ogg: 62fdf1f143b41e24485cea50d1cbac27 -> 
  custom:video-decoder-webm-vp8: 9c59270c3fd7afecdb556c50c9e8de78 -> 
  custom:audio-decoder-ogg-vorbis: bf7c407c2cedff20999df2af8eb42d56 -> 
========================================================================
Received Import Request.
  Time since last request: 62.703944 seconds.
  path: Assets/Textures/2.png
  artifactKey: Guid(3e6a874332e8c4f4db5536c5b1647c8b) Importer(815301076,1909f56bfc062723c751e8b465ee728b)
Start importing Assets/Textures/2.png using Guid(3e6a874332e8c4f4db5536c5b1647c8b) Importer(815301076,1909f56bfc062723c751e8b465ee728b)  -> (artifact id: 'f5515d07c697ce66aa1a65dc15fcafab') in 0.075833 seconds 
========================================================================
Received Import Request.
  Time since last request: 0.000023 seconds.
  path: Assets/Textures/5.png
  artifactKey: Guid(31788b0adce5ef14d9ed303dd4e149ff) Importer(815301076,1909f56bfc062723c751e8b465ee728b)
Start importing Assets/Textures/5.png using Guid(31788b0adce5ef14d9ed303dd4e149ff) Importer(815301076,1909f56bfc062723c751e8b465ee728b)  -> (artifact id: 'be248258bc58fe5a7ac690adf3781b44') in 0.015336 seconds 
========================================================================
Received Prepare
Registering precompiled user dll's ...
Registered in 0.004804 seconds.
Begin MonoManager ReloadAssembly
Symbol file LoadedFromMemory doesn't match image D:\UnityProject\Laboratory\AIPlaneTest\Library\PackageCache\com.unity.visualscripting@1.7.8\Editor\VisualScripting.Core\Dependencies\YamlDotNet\Unity.VisualScripting.YamlDotNet.dll
Symbol file LoadedFromMemory doesn't match image D:\UnityProject\Laboratory\AIPlaneTest\Library\PackageCache\com.unity.visualscripting@1.7.8\Editor\VisualScripting.Core\Dependencies\DotNetZip\Unity.VisualScripting.IonicZip.dll
Native extension for LinuxStandalone target not found
Native extension for WindowsStandalone target not found
Native extension for Android target not found
Native extension for WebGL target not found
Refreshing native plugins compatible for Editor in 0.47 ms, found 1 plugins.
Preloading 0 native plugins for Editor in 0.00 ms.
Mono: successfully reloaded assembly
- Completed reload, in  0.714 seconds
Domain Reload Profiling:
	ReloadAssembly (714ms)
		BeginReloadAssembly (104ms)
			ExecutionOrderSort (0ms)
			DisableScriptedObjects (5ms)
			BackupInstance (0ms)
			ReleaseScriptingObjects (0ms)
			CreateAndSetChildDomain (22ms)
		EndReloadAssembly (519ms)
			LoadAssemblies (65ms)
			RebuildTransferFunctionScriptingTraits (0ms)
			SetupTypeCache (153ms)
			ReleaseScriptCaches (1ms)
			RebuildScriptCaches (41ms)
			SetupLoadedEditorAssemblies (214ms)
				LogAssemblyErrors (0ms)
				InitializePlatformSupportModulesInManaged (24ms)
				SetLoadedEditorAssemblies (1ms)
				RefreshPlugins (1ms)
				BeforeProcessingInitializeOnLoad (60ms)
				ProcessInitializeOnLoadAttributes (100ms)
				ProcessInitializeOnLoadMethodAttributes (20ms)
				AfterProcessingInitializeOnLoad (8ms)
				EditorAssembliesLoaded (0ms)
			ExecutionOrderSort2 (0ms)
			AwakeInstancesAfterBackupRestoration (6ms)
Platform modules already initialized, skipping
Refreshing native plugins compatible for Editor in 0.76 ms, found 1 plugins.
Preloading 0 native plugins for Editor in 0.00 ms.
Unloading 2107 Unused Serialized files (Serialized files now loaded: 0)
Unloading 7 unused Assets / (24.7 KB). Loaded Objects now: 2621.
Memory consumption went from 81.8 MB to 81.8 MB.
Total: 2.958600 ms (FindLiveObjects: 0.165700 ms CreateObjectMapping: 0.063200 ms MarkObjects: 2.708200 ms  DeleteObjects: 0.020700 ms)

AssetImportParameters requested are different than current active one (requested -> active):
  custom:video-decoder-ogg-theora: a1e56fd34408186e4bbccfd4996cb3dc -> 
  custom:container-muxer-webm: aa71ff27fc2769a1b78a27578f13a17b -> 
  custom:container-demuxer-webm: 4f35f7cbe854078d1ac9338744f61a02 -> 
  custom:video-encoder-webm-vp8: eb34c28f22e8b96e1ab97ce403110664 -> 
  custom:audio-encoder-webm-vorbis: bf7c407c2cedff20999df2af8eb42d56 -> 
  custom:framework-win-MediaFoundation: 216162199b28c13a410421893ffa2e32 -> 
  custom:container-demuxer-ogg: 62fdf1f143b41e24485cea50d1cbac27 -> 
  custom:video-decoder-webm-vp8: 9c59270c3fd7afecdb556c50c9e8de78 -> 
  custom:audio-decoder-ogg-vorbis: bf7c407c2cedff20999df2af8eb42d56 -> 
========================================================================
Received Prepare
Registering precompiled user dll's ...
Registered in 0.003348 seconds.
Begin MonoManager ReloadAssembly
Symbol file LoadedFromMemory doesn't match image D:\UnityProject\Laboratory\AIPlaneTest\Library\PackageCache\com.unity.visualscripting@1.7.8\Editor\VisualScripting.Core\Dependencies\YamlDotNet\Unity.VisualScripting.YamlDotNet.dll
Symbol file LoadedFromMemory doesn't match image D:\UnityProject\Laboratory\AIPlaneTest\Library\PackageCache\com.unity.visualscripting@1.7.8\Editor\VisualScripting.Core\Dependencies\DotNetZip\Unity.VisualScripting.IonicZip.dll
Native extension for LinuxStandalone target not found
Native extension for WindowsStandalone target not found
Native extension for Android target not found
Native extension for WebGL target not found
Refreshing native plugins compatible for Editor in 0.46 ms, found 1 plugins.
Preloading 0 native plugins for Editor in 0.00 ms.
Mono: successfully reloaded assembly
- Completed reload, in  0.673 seconds
Domain Reload Profiling:
	ReloadAssembly (682ms)
		BeginReloadAssembly (100ms)
			ExecutionOrderSort (0ms)
			DisableScriptedObjects (5ms)
			BackupInstance (0ms)
			ReleaseScriptingObjects (0ms)
			CreateAndSetChildDomain (21ms)
		EndReloadAssembly (497ms)
			LoadAssemblies (61ms)
			RebuildTransferFunctionScriptingTraits (0ms)
			SetupTypeCache (152ms)
			ReleaseScriptCaches (1ms)
			RebuildScriptCaches (37ms)
			SetupLoadedEditorAssemblies (203ms)
				LogAssemblyErrors (0ms)
				InitializePlatformSupportModulesInManaged (21ms)
				SetLoadedEditorAssemblies (0ms)
				RefreshPlugins (1ms)
				BeforeProcessingInitializeOnLoad (58ms)
				ProcessInitializeOnLoadAttributes (97ms)
				ProcessInitializeOnLoadMethodAttributes (17ms)
				AfterProcessingInitializeOnLoad (8ms)
				EditorAssembliesLoaded (0ms)
			ExecutionOrderSort2 (0ms)
			AwakeInstancesAfterBackupRestoration (5ms)
Platform modules already initialized, skipping
Refreshing native plugins compatible for Editor in 0.82 ms, found 1 plugins.
Preloading 0 native plugins for Editor in 0.00 ms.
Unloading 2107 Unused Serialized files (Serialized files now loaded: 0)
Unloading 7 unused Assets / (24.6 KB). Loaded Objects now: 2624.
Memory consumption went from 81.7 MB to 81.7 MB.
Total: 2.165200 ms (FindLiveObjects: 0.148500 ms CreateObjectMapping: 0.064300 ms MarkObjects: 1.925200 ms  DeleteObjects: 0.026100 ms)

AssetImportParameters requested are different than current active one (requested -> active):
  custom:video-decoder-ogg-theora: a1e56fd34408186e4bbccfd4996cb3dc -> 
  custom:container-muxer-webm: aa71ff27fc2769a1b78a27578f13a17b -> 
  custom:container-demuxer-webm: 4f35f7cbe854078d1ac9338744f61a02 -> 
  custom:video-encoder-webm-vp8: eb34c28f22e8b96e1ab97ce403110664 -> 
  custom:audio-encoder-webm-vorbis: bf7c407c2cedff20999df2af8eb42d56 -> 
  custom:framework-win-MediaFoundation: 216162199b28c13a410421893ffa2e32 -> 
  custom:container-demuxer-ogg: 62fdf1f143b41e24485cea50d1cbac27 -> 
  custom:video-decoder-webm-vp8: 9c59270c3fd7afecdb556c50c9e8de78 -> 
  custom:audio-decoder-ogg-vorbis: bf7c407c2cedff20999df2af8eb42d56 -> 
========================================================================
Received Prepare
Registering precompiled user dll's ...
Registered in 0.004566 seconds.
Begin MonoManager ReloadAssembly
Symbol file LoadedFromMemory doesn't match image D:\UnityProject\Laboratory\AIPlaneTest\Library\PackageCache\com.unity.visualscripting@1.7.8\Editor\VisualScripting.Core\Dependencies\YamlDotNet\Unity.VisualScripting.YamlDotNet.dll
Symbol file LoadedFromMemory doesn't match image D:\UnityProject\Laboratory\AIPlaneTest\Library\PackageCache\com.unity.visualscripting@1.7.8\Editor\VisualScripting.Core\Dependencies\DotNetZip\Unity.VisualScripting.IonicZip.dll
Native extension for LinuxStandalone target not found
Native extension for WindowsStandalone target not found
Native extension for Android target not found
Native extension for WebGL target not found
Refreshing native plugins compatible for Editor in 0.26 ms, found 1 plugins.
Preloading 0 native plugins for Editor in 0.00 ms.
Mono: successfully reloaded assembly
- Completed reload, in  0.649 seconds
Domain Reload Profiling:
	ReloadAssembly (650ms)
		BeginReloadAssembly (100ms)
			ExecutionOrderSort (0ms)
			DisableScriptedObjects (5ms)
			BackupInstance (0ms)
			ReleaseScriptingObjects (0ms)
			CreateAndSetChildDomain (19ms)
		EndReloadAssembly (468ms)
			LoadAssemblies (61ms)
			RebuildTransferFunctionScriptingTraits (0ms)
			SetupTypeCache (142ms)
			ReleaseScriptCaches (1ms)
			RebuildScriptCaches (36ms)
			SetupLoadedEditorAssemblies (196ms)
				LogAssemblyErrors (0ms)
				InitializePlatformSupportModulesInManaged (19ms)
				SetLoadedEditorAssemblies (0ms)
				RefreshPlugins (0ms)
				BeforeProcessingInitializeOnLoad (59ms)
				ProcessInitializeOnLoadAttributes (89ms)
				ProcessInitializeOnLoadMethodAttributes (19ms)
				AfterProcessingInitializeOnLoad (9ms)
				EditorAssembliesLoaded (0ms)
			ExecutionOrderSort2 (0ms)
			AwakeInstancesAfterBackupRestoration (5ms)
Platform modules already initialized, skipping
Refreshing native plugins compatible for Editor in 1.21 ms, found 1 plugins.
Preloading 0 native plugins for Editor in 0.00 ms.
Unloading 2107 Unused Serialized files (Serialized files now loaded: 0)
Unloading 7 unused Assets / (24.7 KB). Loaded Objects now: 2627.
Memory consumption went from 81.8 MB to 81.8 MB.
Total: 2.090000 ms (FindLiveObjects: 0.153800 ms CreateObjectMapping: 0.063000 ms MarkObjects: 1.856300 ms  DeleteObjects: 0.016300 ms)

AssetImportParameters requested are different than current active one (requested -> active):
  custom:video-decoder-ogg-theora: a1e56fd34408186e4bbccfd4996cb3dc -> 
  custom:container-muxer-webm: aa71ff27fc2769a1b78a27578f13a17b -> 
  custom:container-demuxer-webm: 4f35f7cbe854078d1ac9338744f61a02 -> 
  custom:video-encoder-webm-vp8: eb34c28f22e8b96e1ab97ce403110664 -> 
  custom:audio-encoder-webm-vorbis: bf7c407c2cedff20999df2af8eb42d56 -> 
  custom:framework-win-MediaFoundation: 216162199b28c13a410421893ffa2e32 -> 
  custom:container-demuxer-ogg: 62fdf1f143b41e24485cea50d1cbac27 -> 
  custom:video-decoder-webm-vp8: 9c59270c3fd7afecdb556c50c9e8de78 -> 
  custom:audio-decoder-ogg-vorbis: bf7c407c2cedff20999df2af8eb42d56 -> 
========================================================================
Received Prepare
Registering precompiled user dll's ...
Registered in 0.003864 seconds.
Begin MonoManager ReloadAssembly
Symbol file LoadedFromMemory doesn't match image D:\UnityProject\Laboratory\AIPlaneTest\Library\PackageCache\com.unity.visualscripting@1.7.8\Editor\VisualScripting.Core\Dependencies\YamlDotNet\Unity.VisualScripting.YamlDotNet.dll
Symbol file LoadedFromMemory doesn't match image D:\UnityProject\Laboratory\AIPlaneTest\Library\PackageCache\com.unity.visualscripting@1.7.8\Editor\VisualScripting.Core\Dependencies\DotNetZip\Unity.VisualScripting.IonicZip.dll
Native extension for LinuxStandalone target not found
Native extension for WindowsStandalone target not found
Native extension for Android target not found
Native extension for WebGL target not found
Refreshing native plugins compatible for Editor in 0.34 ms, found 1 plugins.
Preloading 0 native plugins for Editor in 0.00 ms.
Mono: successfully reloaded assembly
- Completed reload, in  0.620 seconds
Domain Reload Profiling:
	ReloadAssembly (621ms)
		BeginReloadAssembly (101ms)
			ExecutionOrderSort (0ms)
			DisableScriptedObjects (7ms)
			BackupInstance (0ms)
			ReleaseScriptingObjects (0ms)
			CreateAndSetChildDomain (20ms)
		EndReloadAssembly (442ms)
			LoadAssemblies (59ms)
			RebuildTransferFunctionScriptingTraits (0ms)
			SetupTypeCache (126ms)
			ReleaseScriptCaches (1ms)
			RebuildScriptCaches (35ms)
			SetupLoadedEditorAssemblies (187ms)
				LogAssemblyErrors (0ms)
				InitializePlatformSupportModulesInManaged (20ms)
				SetLoadedEditorAssemblies (0ms)
				RefreshPlugins (0ms)
				BeforeProcessingInitializeOnLoad (55ms)
				ProcessInitializeOnLoadAttributes (88ms)
				ProcessInitializeOnLoadMethodAttributes (16ms)
				AfterProcessingInitializeOnLoad (7ms)
				EditorAssembliesLoaded (0ms)
			ExecutionOrderSort2 (0ms)
			AwakeInstancesAfterBackupRestoration (5ms)
Platform modules already initialized, skipping
Refreshing native plugins compatible for Editor in 0.71 ms, found 1 plugins.
Preloading 0 native plugins for Editor in 0.00 ms.
Unloading 2107 Unused Serialized files (Serialized files now loaded: 0)
Unloading 7 unused Assets / (24.6 KB). Loaded Objects now: 2630.
Memory consumption went from 81.8 MB to 81.8 MB.
Total: 2.270300 ms (FindLiveObjects: 0.156200 ms CreateObjectMapping: 0.063300 ms MarkObjects: 2.033100 ms  DeleteObjects: 0.016400 ms)

AssetImportParameters requested are different than current active one (requested -> active):
  custom:video-decoder-ogg-theora: a1e56fd34408186e4bbccfd4996cb3dc -> 
  custom:container-muxer-webm: aa71ff27fc2769a1b78a27578f13a17b -> 
  custom:container-demuxer-webm: 4f35f7cbe854078d1ac9338744f61a02 -> 
  custom:video-encoder-webm-vp8: eb34c28f22e8b96e1ab97ce403110664 -> 
  custom:audio-encoder-webm-vorbis: bf7c407c2cedff20999df2af8eb42d56 -> 
  custom:framework-win-MediaFoundation: 216162199b28c13a410421893ffa2e32 -> 
  custom:container-demuxer-ogg: 62fdf1f143b41e24485cea50d1cbac27 -> 
  custom:video-decoder-webm-vp8: 9c59270c3fd7afecdb556c50c9e8de78 -> 
  custom:audio-decoder-ogg-vorbis: bf7c407c2cedff20999df2af8eb42d56 -> 
========================================================================
Received Prepare
Registering precompiled user dll's ...
Registered in 0.003367 seconds.
Begin MonoManager ReloadAssembly
Symbol file LoadedFromMemory doesn't match image D:\UnityProject\Laboratory\AIPlaneTest\Library\PackageCache\com.unity.visualscripting@1.7.8\Editor\VisualScripting.Core\Dependencies\YamlDotNet\Unity.VisualScripting.YamlDotNet.dll
Symbol file LoadedFromMemory doesn't match image D:\UnityProject\Laboratory\AIPlaneTest\Library\PackageCache\com.unity.visualscripting@1.7.8\Editor\VisualScripting.Core\Dependencies\DotNetZip\Unity.VisualScripting.IonicZip.dll
Native extension for LinuxStandalone target not found
Native extension for WindowsStandalone target not found
Native extension for Android target not found
Native extension for WebGL target not found
Refreshing native plugins compatible for Editor in 0.25 ms, found 1 plugins.
Preloading 0 native plugins for Editor in 0.00 ms.
Mono: successfully reloaded assembly
- Completed reload, in  0.661 seconds
Domain Reload Profiling:
	ReloadAssembly (661ms)
		BeginReloadAssembly (109ms)
			ExecutionOrderSort (0ms)
			DisableScriptedObjects (5ms)
			BackupInstance (0ms)
			ReleaseScriptingObjects (0ms)
			CreateAndSetChildDomain (20ms)
		EndReloadAssembly (467ms)
			LoadAssemblies (66ms)
			RebuildTransferFunctionScriptingTraits (0ms)
			SetupTypeCache (129ms)
			ReleaseScriptCaches (1ms)
			RebuildScriptCaches (39ms)
			SetupLoadedEditorAssemblies (200ms)
				LogAssemblyErrors (0ms)
				InitializePlatformSupportModulesInManaged (20ms)
				SetLoadedEditorAssemblies (0ms)
				RefreshPlugins (0ms)
				BeforeProcessingInitializeOnLoad (55ms)
				ProcessInitializeOnLoadAttributes (96ms)
				ProcessInitializeOnLoadMethodAttributes (19ms)
				AfterProcessingInitializeOnLoad (8ms)
				EditorAssembliesLoaded (0ms)
			ExecutionOrderSort2 (0ms)
			AwakeInstancesAfterBackupRestoration (6ms)
Platform modules already initialized, skipping
Refreshing native plugins compatible for Editor in 0.72 ms, found 1 plugins.
Preloading 0 native plugins for Editor in 0.00 ms.
Unloading 2107 Unused Serialized files (Serialized files now loaded: 0)
Unloading 7 unused Assets / (24.7 KB). Loaded Objects now: 2633.
Memory consumption went from 81.8 MB to 81.8 MB.
Total: 1.932400 ms (FindLiveObjects: 0.147700 ms CreateObjectMapping: 0.058700 ms MarkObjects: 1.709100 ms  DeleteObjects: 0.016000 ms)

AssetImportParameters requested are different than current active one (requested -> active):
  custom:video-decoder-ogg-theora: a1e56fd34408186e4bbccfd4996cb3dc -> 
  custom:container-muxer-webm: aa71ff27fc2769a1b78a27578f13a17b -> 
  custom:container-demuxer-webm: 4f35f7cbe854078d1ac9338744f61a02 -> 
  custom:video-encoder-webm-vp8: eb34c28f22e8b96e1ab97ce403110664 -> 
  custom:audio-encoder-webm-vorbis: bf7c407c2cedff20999df2af8eb42d56 -> 
  custom:framework-win-MediaFoundation: 216162199b28c13a410421893ffa2e32 -> 
  custom:container-demuxer-ogg: 62fdf1f143b41e24485cea50d1cbac27 -> 
  custom:video-decoder-webm-vp8: 9c59270c3fd7afecdb556c50c9e8de78 -> 
  custom:audio-decoder-ogg-vorbis: bf7c407c2cedff20999df2af8eb42d56 -> 
========================================================================
Received Prepare
Registering precompiled user dll's ...
Registered in 0.003415 seconds.
Begin MonoManager ReloadAssembly
Symbol file LoadedFromMemory doesn't match image D:\UnityProject\Laboratory\AIPlaneTest\Library\PackageCache\com.unity.visualscripting@1.7.8\Editor\VisualScripting.Core\Dependencies\YamlDotNet\Unity.VisualScripting.YamlDotNet.dll
Symbol file LoadedFromMemory doesn't match image D:\UnityProject\Laboratory\AIPlaneTest\Library\PackageCache\com.unity.visualscripting@1.7.8\Editor\VisualScripting.Core\Dependencies\DotNetZip\Unity.VisualScripting.IonicZip.dll
Native extension for LinuxStandalone target not found
Native extension for WindowsStandalone target not found
Native extension for Android target not found
Native extension for WebGL target not found
Refreshing native plugins compatible for Editor in 0.28 ms, found 1 plugins.
Preloading 0 native plugins for Editor in 0.00 ms.
Mono: successfully reloaded assembly
- Completed reload, in  0.684 seconds
Domain Reload Profiling:
	ReloadAssembly (685ms)
		BeginReloadAssembly (103ms)
			ExecutionOrderSort (0ms)
			DisableScriptedObjects (5ms)
			BackupInstance (0ms)
			ReleaseScriptingObjects (0ms)
			CreateAndSetChildDomain (23ms)
		EndReloadAssembly (501ms)
			LoadAssemblies (61ms)
			RebuildTransferFunctionScriptingTraits (0ms)
			SetupTypeCache (129ms)
			ReleaseScriptCaches (1ms)
			RebuildScriptCaches (39ms)
			SetupLoadedEditorAssemblies (232ms)
				LogAssemblyErrors (0ms)
				InitializePlatformSupportModulesInManaged (28ms)
				SetLoadedEditorAssemblies (0ms)
				RefreshPlugins (0ms)
				BeforeProcessingInitializeOnLoad (71ms)
				ProcessInitializeOnLoadAttributes (103ms)
				ProcessInitializeOnLoadMethodAttributes (22ms)
				AfterProcessingInitializeOnLoad (8ms)
				EditorAssembliesLoaded (0ms)
			ExecutionOrderSort2 (0ms)
			AwakeInstancesAfterBackupRestoration (6ms)
Platform modules already initialized, skipping
Refreshing native plugins compatible for Editor in 0.72 ms, found 1 plugins.
Preloading 0 native plugins for Editor in 0.00 ms.
Unloading 2107 Unused Serialized files (Serialized files now loaded: 0)
Unloading 7 unused Assets / (24.6 KB). Loaded Objects now: 2636.
Memory consumption went from 81.8 MB to 81.8 MB.
Total: 2.013200 ms (FindLiveObjects: 0.151900 ms CreateObjectMapping: 0.058900 ms MarkObjects: 1.786400 ms  DeleteObjects: 0.015300 ms)

AssetImportParameters requested are different than current active one (requested -> active):
  custom:video-decoder-ogg-theora: a1e56fd34408186e4bbccfd4996cb3dc -> 
  custom:container-muxer-webm: aa71ff27fc2769a1b78a27578f13a17b -> 
  custom:container-demuxer-webm: 4f35f7cbe854078d1ac9338744f61a02 -> 
  custom:video-encoder-webm-vp8: eb34c28f22e8b96e1ab97ce403110664 -> 
  custom:audio-encoder-webm-vorbis: bf7c407c2cedff20999df2af8eb42d56 -> 
  custom:framework-win-MediaFoundation: 216162199b28c13a410421893ffa2e32 -> 
  custom:container-demuxer-ogg: 62fdf1f143b41e24485cea50d1cbac27 -> 
  custom:video-decoder-webm-vp8: 9c59270c3fd7afecdb556c50c9e8de78 -> 
  custom:audio-decoder-ogg-vorbis: bf7c407c2cedff20999df2af8eb42d56 -> 
========================================================================
Received Import Request.
  Time since last request: 1101.006057 seconds.
  path: Assets/Prefabs/Enemy_simple 1.prefab
  artifactKey: Guid(0486293bd06c8584fad6844aabdcc764) Importer(815301076,1909f56bfc062723c751e8b465ee728b)
Start importing Assets/Prefabs/Enemy_simple 1.prefab using Guid(0486293bd06c8584fad6844aabdcc764) Importer(815301076,1909f56bfc062723c751e8b465ee728b)  -> (artifact id: '6f08ee8217ceee70bd530b7ee1e44c74') in 0.077944 seconds 
========================================================================
Received Import Request.
  Time since last request: 2.927129 seconds.
  path: Assets/Prefabs/Enemy.prefab
  artifactKey: Guid(0486293bd06c8584fad6844aabdcc764) Importer(815301076,1909f56bfc062723c751e8b465ee728b)
Start importing Assets/Prefabs/Enemy.prefab using Guid(0486293bd06c8584fad6844aabdcc764) Importer(815301076,1909f56bfc062723c751e8b465ee728b)  -> (artifact id: '8e036ea0a6dff9fd41f35fe87219aef5') in 0.006234 seconds 
========================================================================
Received Prepare
Registering precompiled user dll's ...
Registered in 0.003490 seconds.
Begin MonoManager ReloadAssembly
Symbol file LoadedFromMemory doesn't match image D:\UnityProject\Laboratory\AIPlaneTest\Library\PackageCache\com.unity.visualscripting@1.7.8\Editor\VisualScripting.Core\Dependencies\YamlDotNet\Unity.VisualScripting.YamlDotNet.dll
Symbol file LoadedFromMemory doesn't match image D:\UnityProject\Laboratory\AIPlaneTest\Library\PackageCache\com.unity.visualscripting@1.7.8\Editor\VisualScripting.Core\Dependencies\DotNetZip\Unity.VisualScripting.IonicZip.dll
Native extension for LinuxStandalone target not found
Native extension for WindowsStandalone target not found
Native extension for Android target not found
Native extension for WebGL target not found
Refreshing native plugins compatible for Editor in 0.28 ms, found 1 plugins.
Preloading 0 native plugins for Editor in 0.00 ms.
Mono: successfully reloaded assembly
- Completed reload, in  0.675 seconds
Domain Reload Profiling:
	ReloadAssembly (676ms)
		BeginReloadAssembly (104ms)
			ExecutionOrderSort (0ms)
			DisableScriptedObjects (4ms)
			BackupInstance (0ms)
			ReleaseScriptingObjects (0ms)
			CreateAndSetChildDomain (22ms)
		EndReloadAssembly (492ms)
			LoadAssemblies (63ms)
			RebuildTransferFunctionScriptingTraits (0ms)
			SetupTypeCache (136ms)
			ReleaseScriptCaches (1ms)
			RebuildScriptCaches (44ms)
			SetupLoadedEditorAssemblies (206ms)
				LogAssemblyErrors (0ms)
				InitializePlatformSupportModulesInManaged (22ms)
				SetLoadedEditorAssemblies (0ms)
				RefreshPlugins (0ms)
				BeforeProcessingInitializeOnLoad (57ms)
				ProcessInitializeOnLoadAttributes (93ms)
				ProcessInitializeOnLoadMethodAttributes (23ms)
				AfterProcessingInitializeOnLoad (9ms)
				EditorAssembliesLoaded (0ms)
			ExecutionOrderSort2 (0ms)
			AwakeInstancesAfterBackupRestoration (6ms)
Platform modules already initialized, skipping
Refreshing native plugins compatible for Editor in 0.92 ms, found 1 plugins.
Preloading 0 native plugins for Editor in 0.00 ms.
Unloading 2107 Unused Serialized files (Serialized files now loaded: 0)
Unloading 11 unused Assets / (27.9 KB). Loaded Objects now: 2639.
Memory consumption went from 81.8 MB to 81.8 MB.
Total: 2.309100 ms (FindLiveObjects: 0.254900 ms CreateObjectMapping: 0.115300 ms MarkObjects: 1.852000 ms  DeleteObjects: 0.085500 ms)

AssetImportParameters requested are different than current active one (requested -> active):
  custom:video-decoder-ogg-theora: a1e56fd34408186e4bbccfd4996cb3dc -> 
  custom:container-muxer-webm: aa71ff27fc2769a1b78a27578f13a17b -> 
  custom:container-demuxer-webm: 4f35f7cbe854078d1ac9338744f61a02 -> 
  custom:video-encoder-webm-vp8: eb34c28f22e8b96e1ab97ce403110664 -> 
  custom:audio-encoder-webm-vorbis: bf7c407c2cedff20999df2af8eb42d56 -> 
  custom:framework-win-MediaFoundation: 216162199b28c13a410421893ffa2e32 -> 
  custom:container-demuxer-ogg: 62fdf1f143b41e24485cea50d1cbac27 -> 
  custom:video-decoder-webm-vp8: 9c59270c3fd7afecdb556c50c9e8de78 -> 
  custom:audio-decoder-ogg-vorbis: bf7c407c2cedff20999df2af8eb42d56 -> 
